Performing C SOURCE FILE Test CMAKE_HAVE_LIBC_PTHREAD failed with the following output:
Change Dir: /home/antonio/catkin_ws/src/Simulation-of-Walking-Biped/cmake-build-debug/CMakeFiles/CMakeTmp

Run Build Command(s):/usr/bin/make -f Makefile cmTC_5b02d/fast && /usr/bin/make  -f CMakeFiles/cmTC_5b02d.dir/build.make CMakeFiles/cmTC_5b02d.dir/build
make[1]: ingresso nella directory «/home/antonio/catkin_ws/src/Simulation-of-Walking-Biped/cmake-build-debug/CMakeFiles/CMakeTmp»
Building C object CMakeFiles/cmTC_5b02d.dir/src.c.o
/usr/bin/cc -DCMAKE_HAVE_LIBC_PTHREAD   -o CMakeFiles/cmTC_5b02d.dir/src.c.o -c /home/antonio/catkin_ws/src/Simulation-of-Walking-Biped/cmake-build-debug/CMakeFiles/CMakeTmp/src.c
Linking C executable cmTC_5b02d
/home/antonio/Scaricati/CLion-2021.2.1/clion-2021.2.1/bin/cmake/linux/bin/cmake -E cmake_link_script CMakeFiles/cmTC_5b02d.dir/link.txt --verbose=1
/usr/bin/cc -rdynamic CMakeFiles/cmTC_5b02d.dir/src.c.o -o cmTC_5b02d 
/usr/bin/ld: CMakeFiles/cmTC_5b02d.dir/src.c.o: in function `main':
src.c:(.text+0x46): undefined reference to `pthread_create'
/usr/bin/ld: src.c:(.text+0x52): undefined reference to `pthread_detach'
/usr/bin/ld: src.c:(.text+0x5e): undefined reference to `pthread_cancel'
/usr/bin/ld: src.c:(.text+0x6f): undefined reference to `pthread_join'
collect2: error: ld returned 1 exit status
make[1]: *** [CMakeFiles/cmTC_5b02d.dir/build.make:99: cmTC_5b02d] Errore 1
make[1]: uscita dalla directory «/home/antonio/catkin_ws/src/Simulation-of-Walking-Biped/cmake-build-debug/CMakeFiles/CMakeTmp»
make: *** [Makefile:127: cmTC_5b02d/fast] Errore 2


Source file was:
#include <pthread.h>

static void* test_func(void* data)
{
  return data;
}

int main(void)
{
  pthread_t thread;
  pthread_create(&thread, NULL, test_func, NULL);
  pthread_detach(thread);
  pthread_cancel(thread);
  pthread_join(thread, NULL);
  pthread_atfork(NULL, NULL, NULL);
  pthread_exit(NULL);

  return 0;
}

Determining if the function pthread_create exists in the pthreads failed with the following output:
Change Dir: /home/antonio/catkin_ws/src/Simulation-of-Walking-Biped/cmake-build-debug/CMakeFiles/CMakeTmp

Run Build Command(s):/usr/bin/make -f Makefile cmTC_3d152/fast && /usr/bin/make  -f CMakeFiles/cmTC_3d152.dir/build.make CMakeFiles/cmTC_3d152.dir/build
make[1]: ingresso nella directory «/home/antonio/catkin_ws/src/Simulation-of-Walking-Biped/cmake-build-debug/CMakeFiles/CMakeTmp»
Building C object CMakeFiles/cmTC_3d152.dir/CheckFunctionExists.c.o
/usr/bin/cc   -DCHECK_FUNCTION_EXISTS=pthread_create -o CMakeFiles/cmTC_3d152.dir/CheckFunctionExists.c.o -c /home/antonio/Scaricati/CLion-2021.2.1/clion-2021.2.1/bin/cmake/linux/share/cmake-3.20/Modules/CheckFunctionExists.c
Linking C executable cmTC_3d152
/home/antonio/Scaricati/CLion-2021.2.1/clion-2021.2.1/bin/cmake/linux/bin/cmake -E cmake_link_script CMakeFiles/cmTC_3d152.dir/link.txt --verbose=1
/usr/bin/cc  -DCHECK_FUNCTION_EXISTS=pthread_create -rdynamic CMakeFiles/cmTC_3d152.dir/CheckFunctionExists.c.o -o cmTC_3d152  -lpthreads 
/usr/bin/ld: impossibile trovare -lpthreads
collect2: error: ld returned 1 exit status
make[1]: *** [CMakeFiles/cmTC_3d152.dir/build.make:99: cmTC_3d152] Errore 1
make[1]: uscita dalla directory «/home/antonio/catkin_ws/src/Simulation-of-Walking-Biped/cmake-build-debug/CMakeFiles/CMakeTmp»
make: *** [Makefile:127: cmTC_3d152/fast] Errore 2



